<?xml version="1.0" encoding="UTF-8"?>
<!-- Generated by org.testng.reporters.JUnitXMLReporter -->
<testsuite ignored="0" hostname="del1-lhp-n82782" failures="0" tests="3" name="Default test" time="13.301" errors="0" timestamp="2023-04-27T21:25:29 IST">
  <testcase classname="Day18PageObjectModel.LoginTest" name="logo_check" time="0.076"/>
  <testcase classname="Day18PageObjectModel.LoginTest" name="login" time="1.28"/>
  <testcase classname="Day18PageObjectModel.LoginTest" name="validation" time="2.541"/>
</testsuite> <!-- Default test -->
