<?xml version="1.0" encoding="UTF-8"?>
<!-- Generated by org.testng.reporters.JUnitXMLReporter -->
<testsuite ignored="0" hostname="del1-lhp-n82782" failures="0" tests="3" name="Test" time="13.1" errors="0" timestamp="2023-05-02T00:58:27 IST">
  <testcase classname="Day17TestNG.ExtentReport" name="testLogo" time="2.533"/>
  <testcase classname="Day17TestNG.ExtentReport" name="login" time="1.502"/>
  <testcase classname="Day17TestNG.ExtentReport" name="Logout" time="2.485"/>
</testsuite> <!-- Test -->
