<?xml version="1.0" encoding="UTF-8"?>
<!-- Generated by org.testng.reporters.JUnitXMLReporter -->
<testsuite ignored="0" hostname="del1-lhp-n82782" failures="0" tests="6" name="Test" time="7.356" errors="0" timestamp="2023-04-22T18:26:54 IST">
  <testcase classname="Day17.SecondTest" name="openApp" time="5.548"/>
  <testcase classname="Day17.SecondTest" name="Login" time="1.567"/>
  <testcase classname="Day17.SecondTest" name="close" time="0.205"/>
  <testcase classname="Day17.FirstTest" name="test1" time="0.0"/>
  <testcase classname="Day17.FirstTest" name="test2" time="0.0"/>
  <testcase classname="Day17.FirstTest" name="test3" time="0.001"/>
</testsuite> <!-- Test -->
