<?xml version="1.0" encoding="UTF-8"?>
<!-- Generated by org.testng.reporters.JUnitXMLReporter -->
<testsuite ignored="6" hostname="del1-lhp-n82782" failures="0" tests="3" name="mytest" time="0.051" errors="0" timestamp="2023-04-23T22:40:46 IST">
  <testcase classname="Day17TestNG.Grouping" name="loginByfacebook" time="0.007"/>
  <testcase classname="Day17TestNG.Grouping" name="loginBytwitter" time="0.001"/>
  <testcase classname="Day17TestNG.Grouping" name="paymentindollar" time="0.001"/>
  <testcase classname="Day17TestNG.Grouping" name="signupbyfacebook" time="0.0">
    <ignored/>
  </testcase> <!-- signupbyfacebook -->
  <testcase classname="Day17TestNG.Grouping" name="paymentReturnbyBank" time="0.0">
    <ignored/>
  </testcase> <!-- paymentReturnbyBank -->
  <testcase classname="Day17TestNG.Grouping" name="signupbytwitter" time="0.0">
    <ignored/>
  </testcase> <!-- signupbytwitter -->
  <testcase classname="Day17TestNG.Grouping" name="paymentinrupees" time="0.0">
    <ignored/>
  </testcase> <!-- paymentinrupees -->
  <testcase classname="Day17TestNG.Grouping" name="signupbyemail" time="0.0">
    <ignored/>
  </testcase> <!-- signupbyemail -->
  <testcase classname="Day17TestNG.Grouping" name="loginByEmail" time="0.0">
    <ignored/>
  </testcase> <!-- loginByEmail -->
</testsuite> <!-- mytest -->
